*************************************************************************
 Global Reaction Route Mapping (GRRM) Program,                           
     Produced by Satoshi Maeda, Yu Harabuchi, Yosuke Sumiya,             
                 Makito Takagi, Kimichi Suzuki, Kanami Sugiyama,         
                 Yuriko Ono, Miho Hatanaka, Yuto Osada,                  
                 Tetsuya Taketsugu, Keiji Morokuma, Koichi Ohno,         
                                  (Version 17-A01, Release: DEC 27, 2017)
*************************************************************************
 MIN: Minimum-point optimization                                  (by SM)
      using the interface with the GAUSSIAN program               (by SM)
*************************************************************************

OPTOPTOPTOPTOPTOPTOPTOPTOPTOPTOPTOPTOPTOPTOPTOPTOPTOPTOPTOPTOPTOPTOPTOPTO

# ITR. 0
O 	  -1.099317925000	   0.000000000000	  -0.397362000000
H 	  -1.055133186000	   0.770033857000	   0.183116687000
H 	  -1.143502664000	  -0.770033857000	  -0.977840687000
           Item        	           Value 	        Threshold
           ENERGY      	 -75.941020514325	                          (   0.000000000000 :    0.000000000000)
           Spin(**2)   	   0.000000000000
           LAMDA       	  -0.219546777036
           TRUST RADII 	   0.100000000000
           STEP RADII  	   0.050500174052
  Maximum  Force       	   0.120559895498	   0.000060000000
  RMS      Force       	   0.069605288119	   0.000040000000
  Maximum  Displacement	   0.020141758850	   0.000300000000
  RMS      Displacement	   0.011903005174	   0.000200000000
NORMAL MODE EIGENVALUE : N_MODE = 3
 -0.182452355   0.506331951   1.695282821

# ITR. 1
O 	  -1.099317924933	   0.000000001172	  -0.397362001835
H 	  -1.056288925257	   0.749892098150	   0.167933119968
H 	  -1.142346924810	  -0.749892099322	  -0.962657118134
           Item        	           Value 	        Threshold
           ENERGY      	 -75.944097423098	                          (   0.000000000000 :    0.000000000000)
           Spin(**2)   	   0.000000000000
           LAMDA       	  -0.219546776135
           TRUST RADII 	   0.151500522156
           STEP RADII  	   0.019716715203
  Maximum  Force       	   0.049575539676	   0.000060000000
  RMS      Force       	   0.028622451177	   0.000040000000
  Maximum  Displacement	   0.007864057039	   0.000300000000
  RMS      Displacement	   0.004647274552	   0.000200000000
NORMAL MODE EIGENVALUE : N_MODE = 3
 -0.182452354   0.556656259   1.695282821

# ITR. 2
O 	  -1.099313130162	  -0.000000274280	  -0.397362002080
H 	  -1.056742556337	   0.742028316562	   0.162005020285
H 	  -1.141898088501	  -0.742028042283	  -0.956729018206
           Item        	           Value 	        Threshold
           ENERGY      	 -75.944571840740	                          (   0.000000000000 :    0.000000000000)
           Spin(**2)   	   0.000000000000
           LAMDA       	  -0.219573050542
           TRUST RADII 	   0.059150145610
           STEP RADII  	   0.059085885401
  Maximum  Force       	   0.018106930935	   0.000060000000
  RMS      Force       	   0.010454041948	   0.000040000000
  Maximum  Displacement	   0.047641620782	   0.000300000000
  RMS      Displacement	   0.019608366671	   0.000200000000
NORMAL MODE EIGENVALUE : N_MODE = 3
 -0.203883314   0.632062942   1.695282821

# ITR. 3
O 	  -1.051671509380	  -0.002720965164	  -0.397379242808
H 	  -1.080779762425	   0.739617404462	   0.159170733671
H 	  -1.165502503195	  -0.736896439299	  -0.953877490864
           Item        	           Value 	        Threshold
           ENERGY      	 -75.946177541679	                          (   0.000000000000 :    0.000000000000)
           Spin(**2)   	   0.000000000000
           LAMDA       	  -0.325714970423
           TRUST RADII 	   0.177257656202
           STEP RADII  	   0.177257802683
  Maximum  Force       	   0.051830360570	   0.000060000000
  RMS      Force       	   0.030440633582	   0.000040000000
  Maximum  Displacement	   0.137180157339	   0.000300000000
  RMS      Displacement	   0.056943344016	   0.000200000000
NORMAL MODE EIGENVALUE : N_MODE = 3
 -0.243702333   0.559047743   1.691937602

# ITR. 4
O 	  -0.914491352041	  -0.010554974310	  -0.397428887486
H 	  -1.150320772273	   0.726961963463	   0.146702661886
H 	  -1.233141650686	  -0.716406989153	  -0.941359774401
           Item        	           Value 	        Threshold
           ENERGY      	 -75.963676238731	                          (   0.000000000000 :    0.000000000000)
           Spin(**2)   	   0.000000000000
           LAMDA       	  -0.452364172080
           TRUST RADII 	   0.109140321191
           STEP RADII  	   0.109140298186
  Maximum  Force       	   0.125072505236	   0.000060000000
  RMS      Force       	   0.074785440342	   0.000040000000
  Maximum  Displacement	   0.078130154752	   0.000300000000
  RMS      Displacement	   0.035856218302	   0.000200000000
NORMAL MODE EIGENVALUE : N_MODE = 3
 -0.119043259   0.695401924   1.644103004

# ITR. 5
O 	  -0.836361197289	  -0.015016787816	  -0.397457161948
H 	  -1.190966355803	   0.701648443364	   0.125952838435
H 	  -1.270626221908	  -0.686631655548	  -0.920581676488
           Item        	           Value 	        Threshold
           ENERGY      	 -75.976380652311	                          (   0.000000000000 :    0.000000000000)
           Spin(**2)   	   0.000000000000
           LAMDA       	  -0.247935221719
           TRUST RADII 	   0.087926349903
           STEP RADII  	   0.087926362729
  Maximum  Force       	   0.099335875959	   0.000060000000
  RMS      Force       	   0.058848427170	   0.000040000000
  Maximum  Displacement	   0.054514949035	   0.000300000000
  RMS      Displacement	   0.029206661296	   0.000200000000
NORMAL MODE EIGENVALUE : N_MODE = 3
  0.078613390   0.808030129   1.567527684

# ITR. 6
O 	  -0.781846248254	  -0.018129997351	  -0.397476890388
H 	  -1.220056100186	   0.671272985467	   0.101891187306
H 	  -1.296051426559	  -0.653142988116	  -0.896500296920
           Item        	           Value 	        Threshold
           ENERGY      	 -75.983183338484	                          (   0.000000000000 :    0.000000000000)
           Spin(**2)   	   0.000000000000
           LAMDA       	  -0.081251169234
           TRUST RADII 	   0.061678696168
           STEP RADII  	   0.061678683190
  Maximum  Force       	   0.051911815289	   0.000060000000
  RMS      Force       	   0.032134180491	   0.000040000000
  Maximum  Displacement	   0.032132974800	   0.000300000000
  RMS      Displacement	   0.020487873077	   0.000200000000
NORMAL MODE EIGENVALUE : N_MODE = 3
  0.160130033   0.868385795   1.478680820

# ITR. 7
O 	  -0.749713273454	  -0.019965029589	  -0.397488519079
H 	  -1.237648897928	   0.645590579280	   0.081845041812
H 	  -1.310591603617	  -0.625625549690	  -0.876442522735
           Item        	           Value 	        Threshold
           ENERGY      	 -75.985219411917	                          (   0.000000000000 :    0.000000000000)
           Spin(**2)   	   0.000000000000
           LAMDA       	  -0.000284903067
           TRUST RADII 	   0.185036049569
           STEP RADII  	   0.019849883932
  Maximum  Force       	   0.014747711495	   0.000060000000
  RMS      Force       	   0.010947487893	   0.000040000000
  Maximum  Displacement	   0.009772815637	   0.000300000000
  RMS      Displacement	   0.006272357174	   0.000200000000
NORMAL MODE EIGENVALUE : N_MODE = 3
  0.190681087   0.909577686   1.454911680

# ITR. 8
O 	  -0.743124188872	  -0.020341315366	  -0.397490903592
H 	  -1.241493411173	   0.636194049420	   0.074620969619
H 	  -1.313336174954	  -0.615852734053	  -0.869216066029
           Item        	           Value 	        Threshold
           ENERGY      	 -75.985358680257	                          (   0.000000000000 :    0.000000000000)
           Spin(**2)   	   0.000000000000
           LAMDA       	  -0.000000967641
           TRUST RADII 	   0.059549651797
           STEP RADII  	   0.001006280949
  Maximum  Force       	   0.001109656547	   0.000060000000
  RMS      Force       	   0.000746614199	   0.000040000000
  Maximum  Displacement	   0.000644477179	   0.000300000000
  RMS      Displacement	   0.000315728905	   0.000200000000
NORMAL MODE EIGENVALUE : N_MODE = 3
  0.198512938   0.903131009   1.404969123

# ITR. 9
O 	  -0.743768666051	  -0.020304510941	  -0.397490670378
H 	  -1.241154289585	   0.636469877483	   0.074842654173
H 	  -1.313030819364	  -0.616165366541	  -0.869437983798
           Item        	           Value 	        Threshold
           ENERGY      	 -75.985359167745	                          (   0.000000000000 :    0.000000000000)
           Spin(**2)   	   0.000000000000
           LAMDA       	   0.000000078476
           TRUST RADII 	   0.010000000000
           STEP RADII  	   0.000051308964
  Maximum  Force       	   0.000092525171	   0.000060000000
  RMS      Force       	   0.000054503277	   0.000040000000
  Maximum  Displacement	   0.000031156585	   0.000300000000
  RMS      Displacement	   0.000012806748	   0.000200000000
NORMAL MODE EIGENVALUE : N_MODE = 3
  0.198716553   0.928294905   1.392827583

# ITR. 10
O 	  -0.743799822636	  -0.020302731545	  -0.397490659011
H 	  -1.241138584781	   0.636471191669	   0.074844309857
H 	  -1.313015367583	  -0.616168460123	  -0.869439650850
           Item        	           Value 	        Threshold
           ENERGY      	 -75.985359169282	                          (   0.000000000000 :    0.000000000000)
           Spin(**2)   	   0.000000000000
           LAMDA       	  -0.000000027664
           TRUST RADII 	   0.010000000000
           STEP RADII  	   0.000000315663
  Maximum  Force       	   0.000000345453	   0.000060000000
  RMS      Force       	   0.000000226052	   0.000040000000
  Maximum  Displacement	   0.000000153158	   0.052105453636
  RMS      Displacement	   0.000000093085	   0.034736969091
NORMAL MODE EIGENVALUE : N_MODE = 3
  0.198759160   0.933553328   1.392843440

=========================================================================
Optimized structure, SYMMETRY = C2v 
O 	  -0.743799822636	  -0.020302731545	  -0.397490659011
H 	  -1.241138584781	   0.636471191669	   0.074844309857
H 	  -1.313015367583	  -0.616168460123	  -0.869439650850
ENERGY    =  -75.985359169282
Spin(**2) =    0.000000000000
GRADIENT VECTOR
  -0.000000069225
   0.000000004207
   0.000000000216
   0.000000028604
  -0.000000108704
  -0.000000080462
   0.000000040621
   0.000000104497
   0.000000080246

Stationary point was found
OPTOPTOPTOPTOPTOPTOPTOPTOPTOPTOPTOPTOPTOPTOPTOPTOPTOPTOPTOPTOPTOPTOPTOPTO

Normal termination of the GRRM Program Ver. 17-A01 at Hokkaido Univ......
NUMBER OF SINGLE POINT CALCULATIONS : 0
NUMBER OF FORCE CALCULATIONS        : 10
NUMBER OF HESSIAN CALCULATIONS      : 1
NUMBER OF MICROITERATIONS           : 0
TOTAL ELAPSED TIME                  : 10.0 SEC.
